warning: Git tree '/home/chloe/dotfiles' is dirty
warning: Git tree '/home/chloe/dotfiles' is dirty
[32m>[39m Building home configuration
[?25l[35;1mwarning:[0m Git tree '/home/chloe/dotfiles' is dirty
[1mâ± 0s[0m[1G[2K[1mâ± 0s[0m[1G[2K[1mâ± 0s[0m[1G[2K[1mâ± 0s[0m[1G[2K[1mâ± 0s[0m[1G[2K[1mâ± 0s[0m[1G[2K[1mâ± 0s[0m[1G[2K[1mâ± 0s[0m[1G[2K[1mâ± 0s[0m[1G[2K[1mâ± 0s[0m[1G[2K[1mâ± 0s[0m[1G[2K[1mâ± 0s[0m[1G[2K[1mâ± 0s[0m[1G[2K[1mâ± 0s[0m[1G[2K[1mâ± 1s[0m[1G[2K[1mâ± 1s[0m[1G[2K[1mâ± 1s[0m[1G[2K[1mâ± 1s[0m[1G[2K[1mâ± 1s[0m[1G[2K[1mâ± 1s[0m[1G[2K[1mâ± 1s[0m[1G[2K[1mâ± 1s[0m[1G[2K[1mâ± 1s[0m[1G[2K[1mâ± 1s[0m[1G[2K[1mâ± 1s[0m[1G[2K[1mâ± 1s[0m[1G[2K[1mâ± 1s[0m[1G[2K[1mâ± 1s[0m[1G[2K[1mâ± 1s[0m[1G[2K[1mâ± 2s[0m[1G[2K[1mâ± 2s[0m[1G[2K[1mâ± 2s[0m[1G[2K[1mâ± 2s[0m[1G[2K[1mâ± 2s[0m[1G[2K[1mâ± 2s[0m[1G[2K[1mâ± 2s[0m[1G[2K[1mâ± 2s[0m[1G[2K[1mâ± 2s[0m[1G[2K[1mâ± 2s[0m[1G[2K[1mâ± 2s[0m[1G[2K[1mâ± 2s[0m[1G[2K[1mâ± 2s[0m[1G[2K[1mâ± 2s[0m[1G[2K[1mâ± 3s[0m[1G[2K[1mâ± 3s[0m[1G[2K[1mâ± 3s[0m[1G[2K[1mâ± 3s[0m[1G[2K[1mâ± 3s[0m[1G[2K[1mâ± 3s[0m[1G[2K[1mâ± 4s[0m[1G[2K[1mâ± 4s[0m[1G[2K[1mâ± 4s[0m[1G[2K[1mâ± 4s[0m[1G[2K[1mâ± 4s[0m[1G[2K[1mâ± 5s[0m[1G[2K[1mâ± 5s[0m[1G[2K[1mâ± 5s[0m[1G[2K[1mâ± 5s[0m[1G[2K[1mâ± 5s[0m[1G[2K[1mâ± 5s[0m[1G[2K[1mâ± 5s[0m[1G[2K[1mâ± 5s[0m[1G[2K[1mâ± 6s[0m[1G[2K[1mâ± 6s[0m[1G[2K[1mâ± 6s[0m[1G[2K[1mâ± 6s[0m[1G[2K[1mâ± 6s[0m[1G[2K[1mâ± 6s[0m[1G[2K[1mâ± 6s[0m[1G[2K[1mâ± 6s[0m[1G[2K[1mâ± 6s[0m[1G[2K[1mâ± 6s[0m[1G[2K[1mâ± 7s[0m[1G[2K[1mâ± 7s[0m[1G[2K[1mâ± 7s[0m[1G[2K[1mâ± 7s[0m[1G[2K[1mâ± 7s[0m[1G[2K[1mâ± 8s[0m[1G[2K[1mâ± 8s[0m[1G[2K[1mâ± 8s[0m[1G[2K[1mâ± 8s[0m[1G[2K[1mâ± 8s[0m[1G[2K[1mâ± 8s[0m[1G[2K[1mâ± 8s[0m[1G[2K[1mâ± 8s[0m[1G[2K[1mâ± 8s[0m[1G[2K[1mâ± 8s[0m[1G[2K[1mâ± 9s[0m[1G[2K[1mâ± 10s[0m[1G[2K[1mâ± 11s[0m[1G[2K[1mâ± 11s[0m[1G[2K[1mâ± 11s[0m[1G[2K[1mâ± 11s[0m[1G[2K[1mâ± 11s[0m[1G[2K[1mâ± 11s[0m[1G[2K[1mâ± 11s[0m[1G[2K[1mâ± 11s[0m[1G[2K[1mâ± 11s[0m[1G[2K[1mâ± 12s[0m[1G[2K[1mâ± 12s[0m[1G[2K[1mâ± 12s[0m[1G[2K[1mâ± 12s[0m[1G[2K[1mâ± 13s[0m[1G[2K[1mâ± 14s[0m[1G[2K[1mâ± 14s[0m[1G[2K[1mâ± 14s[0m[1G[2K[1mâ± 14s[0m[1G[2K[1mâ± 14s[0m[1G[2K[1mâ± 14s[0m[1G[2K[1mâ± 14s[0m[1G[2K[1mâ± 15s[0m[1G[2K[1mâ± 15s[0m[1G[2K[1mâ± 15s[0m[1G[2K[1mâ± 15s[0m[1G[2K[1mâ± 15s[0m[1G[2K[1mâ± 15s[0m[1G[2K[1mâ± 15s[0m[1G[2K[1mâ± 15s[0m[1G[2K[1mâ± 15s[0m[1G[2K[1mâ± 15s[0m[1G[2K[1mâ± 15s[0m[1G[2K[1mâ± 15s[0m[1G[2K[1mâ± 15s[0m[1G[2K[1mâ± 16s[0m[1G[2K[1mâ± 16s[0m[1G[2K[1mâ± 16s[0m[1G[2K[1mâ± 16s[0m[1G[2K[1mâ± 16s[0m[1G[2K[1mâ± 16s[0m[1G[2K[1mâ± 16s[0m[1G[2K[1mâ± 16s[0m[1G[2K[1mâ± 16s[0m[1G[2Kthese 3 derivations will be built:
[31;1mnix-output-monitor error: [0mDerivationReadError /nix/store/r6gcylm54mhzx0c1kwv1j5821alszbvi-db-5.3.28.drv: hGetContents: invalid argument (cannot decode byte sequence starting from 226)
[31;1mnix-output-monitor error: [0mDerivationReadError /nix/store/rwbmhhcf9fli28650v35809f7s2c6bd8-db-4.8.30.drv: hGetContents: invalid argument (cannot decode byte sequence starting from 226)
[31;1mnix-output-monitor error: [0mDerivationReadError /nix/store/g3srvlaad8gv30xibyj2gsnibfr70sk4-source.drv: hGetContents: invalid argument (cannot decode byte sequence starting from 195)
[31;1mnix-output-monitor error: [0mDerivationReadError /nix/store/bgv2hklqf9w72qgbw06pjp5dm9rx41q0-shadow-4.16.0.drv: hGetContents: invalid argument (cannot decode byte sequence starting from 226)
[31;1mnix-output-monitor error: [0mDerivationReadError /nix/store/bgv2hklqf9w72qgbw06pjp5dm9rx41q0-shadow-4.16.0.drv: hGetContents: invalid argument (cannot decode byte sequence starting from 226)
[31;1mnix-output-monitor error: [0mDerivationReadError /nix/store/zkk8pzgc51n8j6lfbmkj4iq4makcyk1v-source.drv: hGetContents: invalid argument (cannot decode byte sequence starting from 195)
[31;1mnix-output-monitor error: [0mDerivationReadError /nix/store/r6gcylm54mhzx0c1kwv1j5821alszbvi-db-5.3.28.drv: hGetContents: invalid argument (cannot decode byte sequence starting from 226)
[31;1mnix-output-monitor error: [0mDerivationReadError /nix/store/bgv2hklqf9w72qgbw06pjp5dm9rx41q0-shadow-4.16.0.drv: hGetContents: invalid argument (cannot decode byte sequence starting from 226)
[31;1mnix-output-monitor error: [0mDerivationReadError /nix/store/3x94smh73kf7ip4387qlxb948p8my57b-gsettings-desktop-schemas-46.0.drv: hGetContents: invalid argument (cannot decode byte sequence starting from 226)
[31;1mnix-output-monitor error: [0mDerivationReadError /nix/store/3x94smh73kf7ip4387qlxb948p8my57b-gsettings-desktop-schemas-46.0.drv: hGetContents: invalid argument (cannot decode byte sequence starting from 226)
[31;1mnix-output-monitor error: [0mDerivationReadError /nix/store/3x94smh73kf7ip4387qlxb948p8my57b-gsettings-desktop-schemas-46.0.drv: hGetContents: invalid argument (cannot decode byte sequence starting from 226)
[31;1mnix-output-monitor error: [0mDerivationReadError /nix/store/g3srvlaad8gv30xibyj2gsnibfr70sk4-source.drv: hGetContents: invalid argument (cannot decode byte sequence starting from 195)
[31;1mnix-output-monitor error: [0mDerivationReadError /nix/store/cyd83s0zh12bwy3x53ryjmc0m1hkd3bw-polkit-124.drv: hGetContents: invalid argument (cannot decode byte sequence starting from 226)
[31;1mnix-output-monitor error: [0mDerivationReadError /nix/store/3x94smh73kf7ip4387qlxb948p8my57b-gsettings-desktop-schemas-46.0.drv: hGetContents: invalid argument (cannot decode byte sequence starting from 226)
[31;1mnix-output-monitor error: [0mDerivationReadError /nix/store/r6gcylm54mhzx0c1kwv1j5821alszbvi-db-5.3.28.drv: hGetContents: invalid argument (cannot decode byte sequence starting from 226)
[31;1mnix-output-monitor error: [0mDerivationReadError /nix/store/r6gcylm54mhzx0c1kwv1j5821alszbvi-db-5.3.28.drv: hGetContents: invalid argument (cannot decode byte sequence starting from 226)
[31;1mnix-output-monitor error: [0mDerivationReadError /nix/store/3x94smh73kf7ip4387qlxb948p8my57b-gsettings-desktop-schemas-46.0.drv: hGetContents: invalid argument (cannot decode byte sequence starting from 226)
[31;1mnix-output-monitor error: [0mDerivationReadError /nix/store/a435knza7ikgvkw3vx5csfnm3c66ib3b-libadwaita-1.5.2.drv: hGetContents: invalid argument (cannot decode byte sequence starting from 226)
[31;1mnix-output-monitor error: [0mDerivationReadError /nix/store/cyd83s0zh12bwy3x53ryjmc0m1hkd3bw-polkit-124.drv: hGetContents: invalid argument (cannot decode byte sequence starting from 226)
[31;1mnix-output-monitor error: [0mDerivationReadError /nix/store/r6gcylm54mhzx0c1kwv1j5821alszbvi-db-5.3.28.drv: hGetContents: invalid argument (cannot decode byte sequence starting from 226)
[31;1mnix-output-monitor error: [0mDerivationReadError /nix/store/sbqlrv31kn5ygpg3kyfnj34q4mzmcbsk-wheel-0.37.1-source.drv: hGetContents: invalid argument (cannot decode byte sequence starting from 195)
[31;1mnix-output-monitor error: [0mDerivationReadError /nix/store/sbqlrv31kn5ygpg3kyfnj34q4mzmcbsk-wheel-0.37.1-source.drv: hGetContents: invalid argument (cannot decode byte sequence starting from 195)
[31;1mnix-output-monitor error: [0mDerivationReadError /nix/store/3x94smh73kf7ip4387qlxb948p8my57b-gsettings-desktop-schemas-46.0.drv: hGetContents: invalid argument (cannot decode byte sequence starting from 226)
[31;1mnix-output-monitor error: [0mDerivationReadError /nix/store/3x94smh73kf7ip4387qlxb948p8my57b-gsettings-desktop-schemas-46.0.drv: hGetContents: invalid argument (cannot decode byte sequence starting from 226)
[31;1mnix-output-monitor error: [0mDerivationReadError /nix/store/3x94smh73kf7ip4387qlxb948p8my57b-gsettings-desktop-schemas-46.0.drv: hGetContents: invalid argument (cannot decode byte sequence starting from 226)
[31;1mnix-output-monitor error: [0mDerivationReadError /nix/store/3x94smh73kf7ip4387qlxb948p8my57b-gsettings-desktop-schemas-46.0.drv: hGetContents: invalid argument (cannot decode byte sequence starting from 226)
[31;1mnix-output-monitor error: [0mDerivationReadError /nix/store/rn3830p6mvdbna1h9i20dffgvqmdvvyy-perl5.38.2-strip-nondeterminism-1.13.1.drv: hGetContents: invalid argument (cannot decode byte sequence starting from 226)
[31;1mnix-output-monitor error: [0mDerivationReadError /nix/store/rn3830p6mvdbna1h9i20dffgvqmdvvyy-perl5.38.2-strip-nondeterminism-1.13.1.drv: hGetContents: invalid argument (cannot decode byte sequence starting from 226)
[31;1mnix-output-monitor error: [0mDerivationReadError /nix/store/nkc7ii4rnflxqwsvqj6mfydf8c0ijh28-libsecret-0.21.4.drv: hGetContents: invalid argument (cannot decode byte sequence starting from 226)
[31;1mnix-output-monitor error: [0mDerivationReadError /nix/store/r6gcylm54mhzx0c1kwv1j5821alszbvi-db-5.3.28.drv: hGetContents: invalid argument (cannot decode byte sequence starting from 226)
[31;1mnix-output-monitor error: [0mDerivationReadError /nix/store/rwbmhhcf9fli28650v35809f7s2c6bd8-db-4.8.30.drv: hGetContents: invalid argument (cannot decode byte sequence starting from 226)
[31;1mnix-output-monitor error: [0mDerivationReadError /nix/store/r6gcylm54mhzx0c1kwv1j5821alszbvi-db-5.3.28.drv: hGetContents: invalid argument (cannot decode byte sequence starting from 226)
[31;1mnix-output-monitor error: [0mDerivationReadError /nix/store/rwbmhhcf9fli28650v35809f7s2c6bd8-db-4.8.30.drv: hGetContents: invalid argument (cannot decode byte sequence starting from 226)
[31;1mnix-output-monitor error: [0mDerivationReadError /nix/store/nkc7ii4rnflxqwsvqj6mfydf8c0ijh28-libsecret-0.21.4.drv: hGetContents: invalid argument (cannot decode byte sequence starting from 226)
[31;1mnix-output-monitor error: [0mDerivationReadError /nix/store/3x94smh73kf7ip4387qlxb948p8my57b-gsettings-desktop-schemas-46.0.drv: hGetContents: invalid argument (cannot decode byte sequence starting from 226)
[31;1mnix-output-monitor error: [0mDerivationReadError /nix/store/3x94smh73kf7ip4387qlxb948p8my57b-gsettings-desktop-schemas-46.0.drv: hGetContents: invalid argument (cannot decode byte sequence starting from 226)
[31;1mnix-output-monitor error: [0mDerivationReadError /nix/store/r6gcylm54mhzx0c1kwv1j5821alszbvi-db-5.3.28.drv: hGetContents: invalid argument (cannot decode byte sequence starting from 226)
[31;1mnix-output-monitor error: [0mDerivationReadError /nix/store/9lq20gzr2qdwld4q1xmwg3cz3c8l553z-shadow-4.16.0.drv: hGetContents: invalid argument (cannot decode byte sequence starting from 226)
[31;1mnix-output-monitor error: [0mDerivationReadError /nix/store/izksawggyna48qbqqv1445d9n98mpm6w-db-4.8.30.drv: hGetContents: invalid argument (cannot decode byte sequence starting from 226)
[31;1mnix-output-monitor error: [0mDerivationReadError /nix/store/jza4h6vvzxd6nnaqincqc4gq52r9mqnb-config.fish.appendix.drv: hGetContents: invalid argument (cannot decode byte sequence starting from 226)
[31;1mnix-output-monitor error: [0mDerivationReadError /nix/store/cyd83s0zh12bwy3x53ryjmc0m1hkd3bw-polkit-124.drv: hGetContents: invalid argument (cannot decode byte sequence starting from 226)
[31;1mnix-output-monitor error: [0mDerivationReadError /nix/store/nkc7ii4rnflxqwsvqj6mfydf8c0ijh28-libsecret-0.21.4.drv: hGetContents: invalid argument (cannot decode byte sequence starting from 226)
[31;1mnix-output-monitor error: [0mDerivationReadError /nix/store/nkc7ii4rnflxqwsvqj6mfydf8c0ijh28-libsecret-0.21.4.drv: hGetContents: invalid argument (cannot decode byte sequence starting from 226)
[31;1mnix-output-monitor error: [0mDerivationReadError /nix/store/3x94smh73kf7ip4387qlxb948p8my57b-gsettings-desktop-schemas-46.0.drv: hGetContents: invalid argument (cannot decode byte sequence starting from 226)
[31;1mnix-output-monitor error: [0mDerivationReadError /nix/store/nkc7ii4rnflxqwsvqj6mfydf8c0ijh28-libsecret-0.21.4.drv: hGetContents: invalid argument (cannot decode byte sequence starting from 226)
[31;1mnix-output-monitor error: [0mDerivationReadError /nix/store/bsddf8gfkadvdjv1axgp8sygg1acad9h-source.drv: hGetContents: invalid argument (cannot decode byte sequence starting from 195)
[31;1mnix-output-monitor error: [0mDerivationReadError /nix/store/a435knza7ikgvkw3vx5csfnm3c66ib3b-libadwaita-1.5.2.drv: hGetContents: invalid argument (cannot decode byte sequence starting from 226)
[31;1mnix-output-monitor error: [0mDerivationReadError /nix/store/3x94smh73kf7ip4387qlxb948p8my57b-gsettings-desktop-schemas-46.0.drv: hGetContents: invalid argument (cannot decode byte sequence starting from 226)
[31;1mnix-output-monitor error: [0mDerivationReadError /nix/store/cyd83s0zh12bwy3x53ryjmc0m1hkd3bw-polkit-124.drv: hGetContents: invalid argument (cannot decode byte sequence starting from 226)
[31;1mnix-output-monitor error: [0mDerivationReadError /nix/store/bgv2hklqf9w72qgbw06pjp5dm9rx41q0-shadow-4.16.0.drv: hGetContents: invalid argument (cannot decode byte sequence starting from 226)
[31;1mnix-output-monitor error: [0mDerivationReadError /nix/store/d988z7n2il3kv1pr22ncv2p3wmf6x2l0-db-4.8.30.drv: hGetContents: invalid argument (cannot decode byte sequence starting from 226)
[31;1mnix-output-monitor error: [0mDerivationReadError /nix/store/m6dqvsy9rpzd8h27y608xqp2a3b4ibmv-shadow-4.16.0.drv: hGetContents: invalid argument (cannot decode byte sequence starting from 226)
[31;1mnix-output-monitor error: [0mDerivationReadError /nix/store/15f9cxkrcc7259a32w612r5l0r80dz5l-source.drv: hGetContents: invalid argument (cannot decode byte sequence starting from 195)
[31;1mnix-output-monitor error: [0mDerivationReadError /nix/store/8g6njnrf3pql244kq57ss4paqsqm243l-db-5.3.28.drv: hGetContents: invalid argument (cannot decode byte sequence starting from 226)
[31;1mnix-output-monitor error: [0mDerivationReadError /nix/store/8g6njnrf3pql244kq57ss4paqsqm243l-db-5.3.28.drv: hGetContents: invalid argument (cannot decode byte sequence starting from 226)
[31;1mnix-output-monitor error: [0mDerivationReadError /nix/store/m6dqvsy9rpzd8h27y608xqp2a3b4ibmv-shadow-4.16.0.drv: hGetContents: invalid argument (cannot decode byte sequence starting from 226)
[31;1mnix-output-monitor error: [0mDerivationReadError /nix/store/6ww3s85ihz70l8fkfsdx3ki0rj3wcrma-polkit-124.drv: hGetContents: invalid argument (cannot decode byte sequence starting from 226)
[31;1mnix-output-monitor error: [0mDerivationReadError /nix/store/lrzza9l61gjblspxr4fwbh09jlavx6lr-gsettings-desktop-schemas-46.0.drv: hGetContents: invalid argument (cannot decode byte sequence starting from 226)
[31;1mnix-output-monitor error: [0mDerivationReadError /nix/store/lrzza9l61gjblspxr4fwbh09jlavx6lr-gsettings-desktop-schemas-46.0.drv: hGetContents: invalid argument (cannot decode byte sequence starting from 226)
[31;1mnix-output-monitor error: [0mDerivationReadError /nix/store/bsddf8gfkadvdjv1axgp8sygg1acad9h-source.drv: hGetContents: invalid argument (cannot decode byte sequence starting from 195)
[31;1mnix-output-monitor error: [0mDerivationReadError /nix/store/6ww3s85ihz70l8fkfsdx3ki0rj3wcrma-polkit-124.drv: hGetContents: invalid argument (cannot decode byte sequence starting from 226)
[31;1mnix-output-monitor error: [0mDerivationReadError /nix/store/lrzza9l61gjblspxr4fwbh09jlavx6lr-gsettings-desktop-schemas-46.0.drv: hGetContents: invalid argument (cannot decode byte sequence starting from 226)
[31;1mnix-output-monitor error: [0mDerivationReadError /nix/store/nkc7ii4rnflxqwsvqj6mfydf8c0ijh28-libsecret-0.21.4.drv: hGetContents: invalid argument (cannot decode byte sequence starting from 226)
  /nix/store/k7wwdyh0zkn7mjkz991h273in1r6kpyp-home-manager-path.drv
[31;1mnix-output-monitor error: [0mDerivationReadError /nix/store/xkzsp5sz4j0n6lixc2zjgsyx3zlcn0sy-link.drv: hGetContents: invalid argument (cannot decode byte sequence starting from 226)
  /nix/store/55givhz73w9gg6r0bpx1agpnxvzjwisx-activation-script.drv
  /nix/store/acvr81r3y2c5zzw1zhmv9ff0hh257wqv-home-manager-generation.drv
this path will be fetched (0.11 MiB download, 0.45 MiB unpacked):
â”â” [1mDependency Graph[0m:
â”ƒ    [34mâ”Œâ”€ [0m[34mâ¸ home-manager-path[0m
â”ƒ [34mâ”Œâ”€ [0m[34mâ¸ activation-script[0m
â”ƒ [34mâ¸ home-manager-generation[0m[0m
â”£â”â”â” [1mBuilds         [0m
â”—â” âˆ‘ [33mâµ 0[0m â”‚ [32mâœ” 0[0m â”‚ [34mâ¸ [1m3[0m[0m â”‚ [1mâ± 17s[0m[2K[1F[2K[1F[2K[1F[2K[1F[2K[1F[2K  /nix/store/9bbfzr89ljaa5ihyq1b6s1nhad08ngrj-asciinema-2.4.0
copying path '/nix/store/9bbfzr89ljaa5ihyq1b6s1nhad08ngrj-asciinema-2.4.0' from 'https://cache.nixos.org'
[0m[34mhome-manager-path> [0mbuilding '/nix/store/k7wwdyh0zkn7mjkz991h273in1r6kpyp-home-manager-path.drv'
[0m[34mhome-manager-path> [0msourcing setup hook '/nix/store/dv5vgsw8naxnkcc88x78vprbnn1pp44y-patchelf-0.15.0/nix-support/setup-hook'
[0m[34mhome-manager-path> [0msourcing setup hook '/nix/store/i4iynx9axbq23sd0gyrc5wdb46zz6z8l-update-autotools-gnu-config-scripts-hook/nix-support/setup-hook'
[0m[34mhome-manager-path> [0msourcing setup hook '/nix/store/h9lc1dpi14z7is86ffhl3ld569138595-audit-tmpdir.sh'
[0m[34mhome-manager-path> [0msourcing setup hook '/nix/store/m54bmrhj6fqz8nds5zcj97w9s9bckc9v-compress-man-pages.sh'
[0m[34mhome-manager-path> [0msourcing setup hook '/nix/store/wgrbkkaldkrlrni33ccvm3b6vbxzb656-make-symlinks-relative.sh'
[0m[34mhome-manager-path> [0msourcing setup hook '/nix/store/5yzw0vhkyszf2d179m0qfkgxmp5wjjx4-move-docs.sh'
[0m[34mhome-manager-path> [0msourcing setup hook '/nix/store/fyaryjvghbkpfnsyw97hb3lyb37s1pd6-move-lib64.sh'
[0m[34mhome-manager-path> [0msourcing setup hook '/nix/store/kd4xwxjpjxi71jkm6ka0np72if9rm3y0-move-sbin.sh'
[0m[34mhome-manager-path> [0msourcing setup hook '/nix/store/pag6l61paj1dc9sv15l7bm5c17xn5kyk-move-systemd-user-units.sh'
[0m[34mhome-manager-path> [0msourcing setup hook '/nix/store/jivxp510zxakaaic7qkrb7v1dd2rdbw9-multiple-outputs.sh'
[0m[34mhome-manager-path> [0msourcing setup hook '/nix/store/ilaf1w22bxi6jsi45alhmvvdgy4ly3zs-patch-shebangs.sh'
[0m[34mhome-manager-path> [0msourcing setup hook '/nix/store/cickvswrvann041nqxb0rxilc46svw1n-prune-libtool-files.sh'
[0m[34mhome-manager-path> [0msourcing setup hook '/nix/store/xyff06pkhki3qy1ls77w10s0v79c9il0-reproducible-builds.sh'
[0m[34mhome-manager-path> [0msourcing setup hook '/nix/store/aazf105snicrlvyzzbdj85sx4179rpfp-set-source-date-epoch-to-latest.sh'
[0m[34mhome-manager-path> [0msourcing setup hook '/nix/store/gps9qrh99j7g02840wv5x78ykmz30byp-strip.sh'
[0m[34mhome-manager-path> [0mcreated 1574 symlinks in user environment
â”â” [1mDependency Graph[0m:
â”ƒ       [34mâ”Œâ”€ [0m[32mâ†“ âœ” asciinema-2.4.0[0m
â”ƒ    [34mâ”Œâ”€ [0m[33m[1mâµ home-manager-path[0m[0m
â”ƒ [34mâ”Œâ”€ [0m[34mâ¸ activation-script[0m
â”ƒ [34mâ¸ home-manager-generation[0m[0m
â”£â”â”â” [1mBuilds         [0m â”‚ [1mDownloads      [0m â”‚ [1mHost                   [0m
â”ƒ    [33mâµ [1m1[0m[0m â”‚ [32m   [0m â”‚     â”‚ [33m   [0m â”‚ [32m   [0m â”‚     â”‚ [35mlocalhost              [0m
â”ƒ    [33m   [0m â”‚ [32m   [0m â”‚     â”‚ [33m   [0m â”‚ [32mâ†“ [1m1[0m[0m â”‚     â”‚ [35mhttps://cache.nixos.org[0m
â”—â” âˆ‘ [33mâµ [1m1[0m[0m â”‚ [32mâœ” 0[0m â”‚ [34mâ¸ [1m2[0m[0m â”‚ [33mâ†“ 0[0m â”‚ [32mâ†“ [1m1[0m[0m â”‚ [34mâ¸ 0[0m â”‚ [1mâ± 19s                  [0m[2K[1F[2K[1F[2K[1F[2K[1F[2K[1F[2K[1F[2K[1F[2K[1F[2Kâ”â” [1mDependency Graph[0m:
â”ƒ [34mâ”Œâ”€ [0m[34mâ¸ activation-script[0m
â”ƒ [34mâ”‚  [0m[34mâ”Œâ”€ [0m[32mâ†“ âœ” asciinema-2.4.0[0m
â”ƒ [34mâ”œâ”€ [0m[32mâœ” home-manager-path[0m [90m[0m
â”ƒ [34mâ¸ home-manager-generation[0m[0m
â”£â”â”â” [1mBuilds         [0m â”‚ [1mDownloads      [0m â”‚ [1mHost                   [0m
â”ƒ    [33m   [0m â”‚ [32mâœ” [1m1[0m[0m â”‚     â”‚ [33m   [0m â”‚ [32m   [0m â”‚     â”‚ [35mlocalhost              [0m
â”ƒ    [33m   [0m â”‚ [32m   [0m â”‚     â”‚ [33m   [0m â”‚ [32mâ†“ [1m1[0m[0m â”‚     â”‚ [35mhttps://cache.nixos.org[0m
â”—â” âˆ‘ [33mâµ 0[0m â”‚ [32mâœ” [1m1[0m[0m â”‚ [34mâ¸ [1m2[0m[0m â”‚ [33mâ†“ 0[0m â”‚ [32mâ†“ [1m1[0m[0m â”‚ [34mâ¸ 0[0m â”‚ [1mâ± 19s                  [0m[2K[1F[2K[1F[2K[1F[2K[1F[2K[1F[2K[1F[2K[1F[2K[1F[2K[0m[34mactivation-script> [0mbuilding '/nix/store/55givhz73w9gg6r0bpx1agpnxvzjwisx-activation-script.drv'
â”â” [1mDependency Graph[0m:
â”ƒ       [34mâ”Œâ”€ [0m[32mâ†“ âœ” asciinema-2.4.0[0m
â”ƒ    [34mâ”Œâ”€ [0m[32mâœ” home-manager-path[0m [90m[0m
â”ƒ [34mâ”Œâ”€ [0m[33m[1mâµ activation-script[0m[0m
â”ƒ [34mâ¸ home-manager-generation[0m[0m
â”£â”â”â” [1mBuilds         [0m â”‚ [1mDownloads      [0m â”‚ [1mHost                   [0m
â”ƒ    [33mâµ [1m1[0m[0m â”‚ [32mâœ” [1m1[0m[0m â”‚     â”‚ [33m   [0m â”‚ [32m   [0m â”‚     â”‚ [35mlocalhost              [0m
â”ƒ    [33m   [0m â”‚ [32m   [0m â”‚     â”‚ [33m   [0m â”‚ [32mâ†“ [1m1[0m[0m â”‚     â”‚ [35mhttps://cache.nixos.org[0m
â”—â” âˆ‘ [33mâµ [1m1[0m[0m â”‚ [32mâœ” [1m1[0m[0m â”‚ [34mâ¸ [1m1[0m[0m â”‚ [33mâ†“ 0[0m â”‚ [32mâ†“ [1m1[0m[0m â”‚ [34mâ¸ 0[0m â”‚ [1mâ± 19s                  [0m[2K[1F[2K[1F[2K[1F[2K[1F[2K[1F[2K[1F[2K[1F[2K[1F[2K[0m[34mactivation-script> [0msourcing setup hook '/nix/store/dv5vgsw8naxnkcc88x78vprbnn1pp44y-patchelf-0.15.0/nix-support/setup-hook'
[0m[34mactivation-script> [0msourcing setup hook '/nix/store/i4iynx9axbq23sd0gyrc5wdb46zz6z8l-update-autotools-gnu-config-scripts-hook/nix-support/setup-hook'
[0m[34mactivation-script> [0msourcing setup hook '/nix/store/h9lc1dpi14z7is86ffhl3ld569138595-audit-tmpdir.sh'
[0m[34mactivation-script> [0msourcing setup hook '/nix/store/m54bmrhj6fqz8nds5zcj97w9s9bckc9v-compress-man-pages.sh'
[0m[34mactivation-script> [0msourcing setup hook '/nix/store/wgrbkkaldkrlrni33ccvm3b6vbxzb656-make-symlinks-relative.sh'
[0m[34mactivation-script> [0msourcing setup hook '/nix/store/5yzw0vhkyszf2d179m0qfkgxmp5wjjx4-move-docs.sh'
[0m[34mactivation-script> [0msourcing setup hook '/nix/store/fyaryjvghbkpfnsyw97hb3lyb37s1pd6-move-lib64.sh'
[0m[34mactivation-script> [0msourcing setup hook '/nix/store/kd4xwxjpjxi71jkm6ka0np72if9rm3y0-move-sbin.sh'
[0m[34mactivation-script> [0msourcing setup hook '/nix/store/pag6l61paj1dc9sv15l7bm5c17xn5kyk-move-systemd-user-units.sh'
[0m[34mactivation-script> [0msourcing setup hook '/nix/store/jivxp510zxakaaic7qkrb7v1dd2rdbw9-multiple-outputs.sh'
[0m[34mactivation-script> [0msourcing setup hook '/nix/store/ilaf1w22bxi6jsi45alhmvvdgy4ly3zs-patch-shebangs.sh'
[0m[34mactivation-script> [0msourcing setup hook '/nix/store/cickvswrvann041nqxb0rxilc46svw1n-prune-libtool-files.sh'
[0m[34mactivation-script> [0msourcing setup hook '/nix/store/xyff06pkhki3qy1ls77w10s0v79c9il0-reproducible-builds.sh'
[0m[34mactivation-script> [0msourcing setup hook '/nix/store/aazf105snicrlvyzzbdj85sx4179rpfp-set-source-date-epoch-to-latest.sh'
[0m[34mactivation-script> [0msourcing setup hook '/nix/store/gps9qrh99j7g02840wv5x78ykmz30byp-strip.sh'
â”â” [1mDependency Graph[0m:
â”ƒ       [34mâ”Œâ”€ [0m[32mâ†“ âœ” asciinema-2.4.0[0m
â”ƒ    [34mâ”Œâ”€ [0m[32mâœ” home-manager-path[0m [90m[0m
â”ƒ [34mâ”Œâ”€ [0m[33m[1mâµ activation-script[0m[0m
â”ƒ [34mâ¸ home-manager-generation[0m[0m
â”£â”â”â” [1mBuilds         [0m â”‚ [1mDownloads      [0m â”‚ [1mHost                   [0m
â”ƒ    [33mâµ [1m1[0m[0m â”‚ [32mâœ” [1m1[0m[0m â”‚     â”‚ [33m   [0m â”‚ [32m   [0m â”‚     â”‚ [35mlocalhost              [0m
â”ƒ    [33m   [0m â”‚ [32m   [0m â”‚     â”‚ [33m   [0m â”‚ [32mâ†“ [1m1[0m[0m â”‚     â”‚ [35mhttps://cache.nixos.org[0m
â”—â” âˆ‘ [33mâµ [1m1[0m[0m â”‚ [32mâœ” [1m1[0m[0m â”‚ [34mâ¸ [1m1[0m[0m â”‚ [33mâ†“ 0[0m â”‚ [32mâ†“ [1m1[0m[0m â”‚ [34mâ¸ 0[0m â”‚ [1mâ± 19s                  [0m[2K[1F[2K[1F[2K[1F[2K[1F[2K[1F[2K[1F[2K[1F[2K[1F[2Kâ”â” [1mDependency Graph[0m:
â”ƒ       [34mâ”Œâ”€ [0m[32mâ†“ âœ” asciinema-2.4.0[0m
â”ƒ    [34mâ”Œâ”€ [0m[32mâœ” home-manager-path[0m [90m[0m
â”ƒ [34mâ”Œâ”€ [0m[32mâœ” activation-script[0m [90m[0m
â”ƒ [34mâ¸ home-manager-generation[0m[0m
â”£â”â”â” [1mBuilds         [0m â”‚ [1mDownloads      [0m â”‚ [1mHost                   [0m
â”ƒ    [33m   [0m â”‚ [32mâœ” [1m2[0m[0m â”‚     â”‚ [33m   [0m â”‚ [32m   [0m â”‚     â”‚ [35mlocalhost              [0m
â”ƒ    [33m   [0m â”‚ [32m   [0m â”‚     â”‚ [33m   [0m â”‚ [32mâ†“ [1m1[0m[0m â”‚     â”‚ [35mhttps://cache.nixos.org[0m
â”—â” âˆ‘ [33mâµ 0[0m â”‚ [32mâœ” [1m2[0m[0m â”‚ [34mâ¸ [1m1[0m[0m â”‚ [33mâ†“ 0[0m â”‚ [32mâ†“ [1m1[0m[0m â”‚ [34mâ¸ 0[0m â”‚ [1mâ± 20s                  [0m[2K[1F[2K[1F[2K[1F[2K[1F[2K[1F[2K[1F[2K[1F[2K[1F[2K[0m[34mhome-manager-generation> [0mbuilding '/nix/store/acvr81r3y2c5zzw1zhmv9ff0hh257wqv-home-manager-generation.drv'
â”â” [1mDependency Graph[0m:
â”ƒ       [34mâ”Œâ”€ [0m[32mâ†“ âœ” asciinema-2.4.0[0m
â”ƒ    [34mâ”Œâ”€ [0m[32mâœ” home-manager-path[0m [90m[0m
â”ƒ [34mâ”Œâ”€ [0m[32mâœ” activation-script[0m [90m[0m
â”ƒ [33m[1mâµ home-manager-generation[0m[0m[0m
â”£â”â”â” [1mBuilds         [0m â”‚ [1mDownloads      [0m â”‚ [1mHost                   [0m
â”ƒ    [33mâµ [1m1[0m[0m â”‚ [32mâœ” [1m2[0m[0m â”‚     â”‚ [33m   [0m â”‚ [32m   [0m â”‚     â”‚ [35mlocalhost              [0m
â”ƒ    [33m   [0m â”‚ [32m   [0m â”‚     â”‚ [33m   [0m â”‚ [32mâ†“ [1m1[0m[0m â”‚     â”‚ [35mhttps://cache.nixos.org[0m
â”—â” âˆ‘ [33mâµ [1m1[0m[0m â”‚ [32mâœ” [1m2[0m[0m â”‚ [34mâ¸ 0[0m â”‚ [33mâ†“ 0[0m â”‚ [32mâ†“ [1m1[0m[0m â”‚ [34mâ¸ 0[0m â”‚ [1mâ± 20s                  [0m[2K[1F[2K[1F[2K[1F[2K[1F[2K[1F[2K[1F[2K[1F[2K[1F[2K[0m[34mhome-manager-generation> [0msourcing setup hook '/nix/store/dv5vgsw8naxnkcc88x78vprbnn1pp44y-patchelf-0.15.0/nix-support/setup-hook'
[0m[34mhome-manager-generation> [0msourcing setup hook '/nix/store/i4iynx9axbq23sd0gyrc5wdb46zz6z8l-update-autotools-gnu-config-scripts-hook/nix-support/setup-hook'
[0m[34mhome-manager-generation> [0msourcing setup hook '/nix/store/h9lc1dpi14z7is86ffhl3ld569138595-audit-tmpdir.sh'
[0m[34mhome-manager-generation> [0msourcing setup hook '/nix/store/m54bmrhj6fqz8nds5zcj97w9s9bckc9v-compress-man-pages.sh'
[0m[34mhome-manager-generation> [0msourcing setup hook '/nix/store/wgrbkkaldkrlrni33ccvm3b6vbxzb656-make-symlinks-relative.sh'
[0m[34mhome-manager-generation> [0msourcing setup hook '/nix/store/5yzw0vhkyszf2d179m0qfkgxmp5wjjx4-move-docs.sh'
[0m[34mhome-manager-generation> [0msourcing setup hook '/nix/store/fyaryjvghbkpfnsyw97hb3lyb37s1pd6-move-lib64.sh'
[0m[34mhome-manager-generation> [0msourcing setup hook '/nix/store/kd4xwxjpjxi71jkm6ka0np72if9rm3y0-move-sbin.sh'
[0m[34mhome-manager-generation> [0msourcing setup hook '/nix/store/pag6l61paj1dc9sv15l7bm5c17xn5kyk-move-systemd-user-units.sh'
[0m[34mhome-manager-generation> [0msourcing setup hook '/nix/store/jivxp510zxakaaic7qkrb7v1dd2rdbw9-multiple-outputs.sh'
[0m[34mhome-manager-generation> [0msourcing setup hook '/nix/store/ilaf1w22bxi6jsi45alhmvvdgy4ly3zs-patch-shebangs.sh'
[0m[34mhome-manager-generation> [0msourcing setup hook '/nix/store/cickvswrvann041nqxb0rxilc46svw1n-prune-libtool-files.sh'
[0m[34mhome-manager-generation> [0msourcing setup hook '/nix/store/xyff06pkhki3qy1ls77w10s0v79c9il0-reproducible-builds.sh'
[0m[34mhome-manager-generation> [0msourcing setup hook '/nix/store/aazf105snicrlvyzzbdj85sx4179rpfp-set-source-date-epoch-to-latest.sh'
[0m[34mhome-manager-generation> [0msourcing setup hook '/nix/store/gps9qrh99j7g02840wv5x78ykmz30byp-strip.sh'
â”â” [1mDependency Graph[0m:
â”ƒ       [34mâ”Œâ”€ [0m[32mâ†“ âœ” asciinema-2.4.0[0m
â”ƒ    [34mâ”Œâ”€ [0m[32mâœ” home-manager-path[0m [90m[0m
â”ƒ [34mâ”Œâ”€ [0m[32mâœ” activation-script[0m [90m[0m
â”ƒ [33m[1mâµ home-manager-generation[0m[0m[0m
â”£â”â”â” [1mBuilds         [0m â”‚ [1mDownloads      [0m â”‚ [1mHost                   [0m
â”ƒ    [33mâµ [1m1[0m[0m â”‚ [32mâœ” [1m2[0m[0m â”‚     â”‚ [33m   [0m â”‚ [32m   [0m â”‚     â”‚ [35mlocalhost              [0m
â”ƒ    [33m   [0m â”‚ [32m   [0m â”‚     â”‚ [33m   [0m â”‚ [32mâ†“ [1m1[0m[0m â”‚     â”‚ [35mhttps://cache.nixos.org[0m
â”—â” âˆ‘ [33mâµ [1m1[0m[0m â”‚ [32mâœ” [1m2[0m[0m â”‚ [34mâ¸ 0[0m â”‚ [33mâ†“ 0[0m â”‚ [32mâ†“ [1m1[0m[0m â”‚ [34mâ¸ 0[0m â”‚ [1mâ± 20s                  [0m[2K[1F[2K[1F[2K[1F[2K[1F[2K[1F[2K[1F[2K[1F[2K[1F[2Kâ”â” [1mDependency Graph[0m:
â”ƒ       [34mâ”Œâ”€ [0m[32mâ†“ âœ” asciinema-2.4.0[0m
â”ƒ    [34mâ”Œâ”€ [0m[32mâœ” home-manager-path[0m [90m[0m
â”ƒ [34mâ”Œâ”€ [0m[32mâœ” activation-script[0m [90m[0m
â”ƒ [33m[1mâµ home-manager-generation[0m[0m[0m
â”£â”â”â” [1mBuilds         [0m â”‚ [1mDownloads      [0m â”‚ [1mHost                   [0m
â”ƒ    [33mâµ [1m1[0m[0m â”‚ [32mâœ” [1m2[0m[0m â”‚     â”‚ [33m   [0m â”‚ [32m   [0m â”‚     â”‚ [35mlocalhost              [0m
â”ƒ    [33m   [0m â”‚ [32m   [0m â”‚     â”‚ [33m   [0m â”‚ [32mâ†“ [1m1[0m[0m â”‚     â”‚ [35mhttps://cache.nixos.org[0m
â”—â” âˆ‘ [33mâµ [1m1[0m[0m â”‚ [32mâœ” [1m2[0m[0m â”‚ [34mâ¸ 0[0m â”‚ [33mâ†“ 0[0m â”‚ [32mâ†“ [1m1[0m[0m â”‚ [34mâ¸ 0[0m â”‚ [1mâ± 20s                  [0m[2K[1F[2K[1F[2K[1F[2K[1F[2K[1F[2K[1F[2K[1F[2K[1F[2Kâ”â” [1mDependency Graph[0m:
â”ƒ       [34mâ”Œâ”€ [0m[32mâ†“ âœ” asciinema-2.4.0[0m
â”ƒ    [34mâ”Œâ”€ [0m[32mâœ” home-manager-path[0m [90m[0m
â”ƒ [34mâ”Œâ”€ [0m[32mâœ” activation-script[0m [90m[0m
â”ƒ [32mâœ” home-manager-generation[0m [90m[0m[0m
â”£â”â”â” [1mBuilds         [0m â”‚ [1mDownloads      [0m â”‚ [1mHost                   [0m
â”ƒ    [33m   [0m â”‚ [32mâœ” [1m3[0m[0m â”‚     â”‚ [33m   [0m â”‚ [32m   [0m â”‚     â”‚ [35mlocalhost              [0m
â”ƒ    [33m   [0m â”‚ [32m   [0m â”‚     â”‚ [33m   [0m â”‚ [32mâ†“ [1m1[0m[0m â”‚     â”‚ [35mhttps://cache.nixos.org[0m
â”—â” âˆ‘ [33mâµ 0[0m â”‚ [32mâœ” [1m3[0m[0m â”‚ [34mâ¸ 0[0m â”‚ [33mâ†“ 0[0m â”‚ [32mâ†“ [1m1[0m[0m â”‚ [34mâ¸ 0[0m â”‚ [1mâ± 20s                  [0m[2K[1F[2K[1F[2K[1F[2K[1F[2K[1F[2K[1F[2K[1F[2K[1F[2Kâ”â” [1mDependency Graph[0m:
â”ƒ       [34mâ”Œâ”€ [0m[32mâ†“ âœ” asciinema-2.4.0[0m
â”ƒ    [34mâ”Œâ”€ [0m[32mâœ” home-manager-path[0m [90m[0m
â”ƒ [34mâ”Œâ”€ [0m[32mâœ” activation-script[0m [90m[0m
â”ƒ [32mâœ” home-manager-generation[0m [90m[0m[0m
â”£â”â”â” [1mBuilds         [0m â”‚ [1mDownloads      [0m â”‚ [1mHost                          [0m
â”ƒ    [33m   [0m â”‚ [32mâœ” [1m3[0m[0m â”‚     â”‚ [33m   [0m â”‚ [32m   [0m â”‚     â”‚ [35mlocalhost                     [0m
â”ƒ    [33m   [0m â”‚ [32m   [0m â”‚     â”‚ [33m   [0m â”‚ [32mâ†“ [1m1[0m[0m â”‚     â”‚ [35mhttps://cache.nixos.org       [0m
â”—â” âˆ‘ [33mâµ 0[0m â”‚ [32mâœ” [1m3[0m[0m â”‚ [34mâ¸ 0[0m â”‚ [33mâ†“ 0[0m â”‚ [32mâ†“ [1m1[0m[0m â”‚ [34mâ¸ 0[0m â”‚ [1m[32mFinished at 15:36:37 after 20s[0m[0m[?25h
[32m>[39m Comparing changes
<<< /home/chloe/.local/state/nix/profiles/home-manager
>>> /tmp/nh-home-OYY3pB/result
Added packages:
[A.]  #1  asciinema  2.4.0
Removed packages:
[R.]  #1  dee-unstable                 2017-06-16
[R.]  #2  disable-breaking-updates.py  <none>
[R.]  #3  discord                      0.0.62
[R.]  #4  discord.desktop              <none>
[R.]  #5  libappindicator-gtk3         12.10.1+20.10.20200706.1
[R.]  #6  libcxx                       18.1.8
[R.]  #7  libdbusmenu-gtk3             16.04.0
[R.]  #8  libunity-unstable            2021-02-01
Closure size: 1259 -> 1252 (3 paths added, 10 paths removed, delta -7, disk usage -256.2MiB).
[32m>[39m Activating configuration
Starting Home Manager activation
Activating checkFilesChanged
Activating checkLinkTargets
Activating writeBoundary
Activating installPackages
replacing old 'home-manager-path'
installing 'home-manager-path'
building '/nix/store/95h5z8k12hdgjx1kls9z73m8b1z0m6w1-user-environment.drv'...
Activating linkGeneration
Cleaning up orphan links from /home/chloe
Creating profile generation 23
Creating home file links in /home/chloe
Activating onFilesChange
Activating reloadSystemd
