<<< /home/chloe/.local/state/nix/profiles/home-manager
>>> /tmp/nix-shell-1642090-0/nix-shell-1642254-0/nh-homeRa9n2Z/result
Version changes:
[C.]  #1  gcc  13.3.0, 13.3.0-lib, 13.3.0-libgcc, 14-20241116-lib, 14-20241116-libgcc -> 13.3.0, 13.3.0-lib, 13.3.0-libgcc, 13.3.0-man, 14-20241116-lib, 14-20241116-libgcc
Added packages:
[A.]  #01  gcc-wrapper             13.3.0, 13.3.0-man
[A.]  #02  gnumake                 4.4.1, 4.4.1-man
[A.]  #03  libappindicator-gtk3    12.10.1+20.10.20200706.1
[A.]  #04  libdbusmenu-gtk3        16.04.0
[A.]  #05  nerd-fonts-hack         3.3.0+3.003
[A.]  #06  nerd-fonts-monoid       3.3.0+0.61
[A.]  #07  nerd-fonts-noto         3.3.0
[A.]  #08  noto-fonts-color-emoji  2.047
[A.]  #09  signal-desktop          7.47.0
[A.]  #10  unzrip-unstable         2023-04-16
[A.]  #11  wl-clipboard-rs         0.9.0
Closure size: 1117 -> 1131 (18 paths added, 4 paths removed, delta +14, disk usage +1.5GiB).
Starting Home Manager activation
Activating checkFilesChanged
Activating checkLinkTargets
Activating writeBoundary
Activating linkGeneration
Cleaning up orphan links from /home/chloe
Creating profile generation 2
Creating home file links in /home/chloe
Activating batCache
No themes were found in '/home/chloe/.config/bat/themes', using the default set
No syntaxes were found in '/home/chloe/.config/bat/syntaxes', using the default set.
Writing theme set to /home/chloe/.cache/bat/themes.bin ... okay
Writing syntax set to /home/chloe/.cache/bat/syntaxes.bin ... okay
Writing metadata to folder /home/chloe/.cache/bat ... okay
Activating installPackages
Activating onFilesChange
Activating reloadSystemd
The user systemd session is degraded:
  UNIT                        LOAD   ACTIVE SUB    DESCRIPTION
● app-picom@autostart.service loaded failed failed Picom

Legend: LOAD   → Reflects whether the unit definition was properly loaded.
        ACTIVE → The high-level unit activation state, i.e. generalization of SUB.
        SUB    → The low-level unit activation state, values depend on unit type.

1 loaded units listed.
Attempting to reload services anyway...
